{"C:\\ClaudeCode\\company\\ai-company\\src\\002-todo-app\\src\\components\\atoms\\Badge.tsx": {"path":"C:\\ClaudeCode\\company\\ai-company\\src\\002-todo-app\\src\\components\\atoms\\Badge.tsx","statementMap":{"0":{"start":{"line":11,"column":0},"end":{"line":11,"column":16}},"1":{"start":{"line":3,"column":0},"end":{"line":3,"column":56}},"2":{"start":{"line":4,"column":0},"end":{"line":4,"column":59}},"3":{"start":{"line":12,"column":2},"end":{"line":37,"column":4}}},"fnMap":{"0":{"name":"Badge","decl":{"start":{"line":11,"column":16},"end":{"line":11,"column":21}},"loc":{"start":{"line":11,"column":50},"end":{"line":38,"column":1}}}},"branchMap":{"0":{"loc":{"start":{"line":15,"column":9},"end":{"line":33,"column":null}},"type":"cond-expr","locations":[{"start":{"line":16,"column":10},"end":{"line":17,"column":null}},{"start":{"line":26,"column":10},"end":{"line":27,"column":null}}]}},"s":{"0":2,"1":2,"2":2,"3":6},"f":{"0":6},"b":{"0":[1,5]}}
,"C:\\ClaudeCode\\company\\ai-company\\src\\002-todo-app\\src\\components\\atoms\\Button.tsx": {"path":"C:\\ClaudeCode\\company\\ai-company\\src\\002-todo-app\\src\\components\\atoms\\Button.tsx","statementMap":{"0":{"start":{"line":43,"column":0},"end":{"line":43,"column":16}},"1":{"start":{"line":16,"column":54},"end":{"line":36,"column":2}},"2":{"start":{"line":38,"column":48},"end":{"line":41,"column":2}},"3":{"start":{"line":52,"column":2},"end":{"line":69,"column":4}}},"fnMap":{"0":{"name":"Button","decl":{"start":{"line":43,"column":16},"end":{"line":43,"column":22}},"loc":{"start":{"line":51,"column":14},"end":{"line":70,"column":1}}}},"branchMap":{"0":{"loc":{"start":{"line":46,"column":2},"end":{"line":46,"column":21}},"type":"default-arg","locations":[{"start":{"line":46,"column":12},"end":{"line":46,"column":21}}]},"1":{"loc":{"start":{"line":47,"column":2},"end":{"line":47,"column":13}},"type":"default-arg","locations":[{"start":{"line":47,"column":9},"end":{"line":47,"column":13}}]},"2":{"loc":{"start":{"line":48,"column":2},"end":{"line":48,"column":18}},"type":"default-arg","locations":[{"start":{"line":48,"column":13},"end":{"line":48,"column":18}}]},"3":{"loc":{"start":{"line":50,"column":2},"end":{"line":50,"column":16}},"type":"default-arg","locations":[{"start":{"line":50,"column":14},"end":{"line":50,"column":16}}]}},"s":{"0":3,"1":3,"2":3,"3":53},"f":{"0":53},"b":{"0":[48],"1":[48],"2":[5],"3":[5]}}
,"C:\\ClaudeCode\\company\\ai-company\\src\\002-todo-app\\src\\components\\atoms\\Checkbox.tsx": {"path":"C:\\ClaudeCode\\company\\ai-company\\src\\002-todo-app\\src\\components\\atoms\\Checkbox.tsx","statementMap":{"0":{"start":{"line":13,"column":0},"end":{"line":13,"column":16}},"1":{"start":{"line":3,"column":0},"end":{"line":3,"column":58}},"2":{"start":{"line":4,"column":0},"end":{"line":4,"column":39}},"3":{"start":{"line":5,"column":0},"end":{"line":5,"column":58}},"4":{"start":{"line":14,"column":2},"end":{"line":50,"column":4}}},"fnMap":{"0":{"name":"Checkbox","decl":{"start":{"line":13,"column":16},"end":{"line":13,"column":24}},"loc":{"start":{"line":13,"column":72},"end":{"line":51,"column":1}}}},"branchMap":{"0":{"loc":{"start":{"line":23,"column":10},"end":{"line":25,"column":null}},"type":"cond-expr","locations":[{"start":{"line":24,"column":12},"end":{"line":24,"column":47}},{"start":{"line":25,"column":12},"end":{"line":25,"column":null}}]},"1":{"loc":{"start":{"line":45,"column":21},"end":{"line":45,"column":54}},"type":"cond-expr","locations":[{"start":{"line":45,"column":31},"end":{"line":45,"column":40}},{"start":{"line":45,"column":43},"end":{"line":45,"column":54}}]}},"s":{"0":3,"1":3,"2":3,"3":3,"4":42},"f":{"0":42},"b":{"0":[4,38],"1":[4,38]}}
,"C:\\ClaudeCode\\company\\ai-company\\src\\002-todo-app\\src\\components\\atoms\\EmptyState.tsx": {"path":"C:\\ClaudeCode\\company\\ai-company\\src\\002-todo-app\\src\\components\\atoms\\EmptyState.tsx","statementMap":{"0":{"start":{"line":12,"column":0},"end":{"line":12,"column":16}},"1":{"start":{"line":3,"column":0},"end":{"line":3,"column":39}},"2":{"start":{"line":4,"column":0},"end":{"line":4,"column":59}},"3":{"start":{"line":13,"column":2},"end":{"line":29,"column":4}}},"fnMap":{"0":{"name":"EmptyState","decl":{"start":{"line":12,"column":16},"end":{"line":12,"column":26}},"loc":{"start":{"line":12,"column":61},"end":{"line":30,"column":1}}}},"branchMap":{"0":{"loc":{"start":{"line":20,"column":7},"end":{"line":23,"column":null}},"type":"binary-expr","locations":[{"start":{"line":20,"column":7},"end":{"line":20,"column":11}},{"start":{"line":21,"column":8},"end":{"line":22,"column":null}}]}},"s":{"0":3,"1":3,"2":3,"3":9},"f":{"0":9},"b":{"0":[9,7]}}
,"C:\\ClaudeCode\\company\\ai-company\\src\\002-todo-app\\src\\components\\atoms\\IconButton.tsx": {"path":"C:\\ClaudeCode\\company\\ai-company\\src\\002-todo-app\\src\\components\\atoms\\IconButton.tsx","statementMap":{"0":{"start":{"line":14,"column":0},"end":{"line":14,"column":16}},"1":{"start":{"line":22,"column":22},"end":{"line":22,"column":51}},"2":{"start":{"line":25,"column":4},"end":{"line":27,"column":152}},"3":{"start":{"line":29,"column":2},"end":{"line":42,"column":4}}},"fnMap":{"0":{"name":"IconButton","decl":{"start":{"line":14,"column":16},"end":{"line":14,"column":26}},"loc":{"start":{"line":21,"column":18},"end":{"line":43,"column":1}}}},"branchMap":{"0":{"loc":{"start":{"line":18,"column":2},"end":{"line":18,"column":19}},"type":"default-arg","locations":[{"start":{"line":18,"column":12},"end":{"line":18,"column":19}}]},"1":{"loc":{"start":{"line":19,"column":2},"end":{"line":19,"column":13}},"type":"default-arg","locations":[{"start":{"line":19,"column":9},"end":{"line":19,"column":13}}]},"2":{"loc":{"start":{"line":20,"column":2},"end":{"line":20,"column":16}},"type":"default-arg","locations":[{"start":{"line":20,"column":14},"end":{"line":20,"column":16}}]},"3":{"loc":{"start":{"line":22,"column":22},"end":{"line":22,"column":51}},"type":"cond-expr","locations":[{"start":{"line":22,"column":38},"end":{"line":22,"column":43}},{"start":{"line":22,"column":46},"end":{"line":22,"column":51}}]},"4":{"loc":{"start":{"line":25,"column":4},"end":{"line":27,"column":152}},"type":"cond-expr","locations":[{"start":{"line":26,"column":8},"end":{"line":26,"column":122}},{"start":{"line":27,"column":8},"end":{"line":27,"column":152}}]}},"s":{"0":3,"1":42,"2":42,"3":42},"f":{"0":42},"b":{"0":[0],"1":[0],"2":[0],"3":[42,0],"4":[42,0]}}
,"C:\\ClaudeCode\\company\\ai-company\\src\\002-todo-app\\src\\components\\atoms\\TextInput.tsx": {"path":"C:\\ClaudeCode\\company\\ai-company\\src\\002-todo-app\\src\\components\\atoms\\TextInput.tsx","statementMap":{"0":{"start":{"line":3,"column":0},"end":{"line":3,"column":55}},"1":{"start":{"line":15,"column":13},"end":{"line":60,"column":2}},"2":{"start":{"line":28,"column":26},"end":{"line":33,"column":5}},"3":{"start":{"line":29,"column":6},"end":{"line":32,"column":7}},"4":{"start":{"line":30,"column":8},"end":{"line":30,"column":27}},"5":{"start":{"line":31,"column":8},"end":{"line":31,"column":19}},"6":{"start":{"line":35,"column":4},"end":{"line":58,"column":6}},"7":{"start":{"line":40,"column":25},"end":{"line":40,"column":49}}},"fnMap":{"0":{"name":"TextInput","decl":{"start":{"line":16,"column":11},"end":{"line":16,"column":20}},"loc":{"start":{"line":26,"column":7},"end":{"line":59,"column":3}}},"1":{"name":"(anonymous_1)","decl":{"start":{"line":28,"column":26},"end":{"line":28,"column":27}},"loc":{"start":{"line":28,"column":65},"end":{"line":33,"column":5}}},"2":{"name":"(anonymous_2)","decl":{"start":{"line":40,"column":18},"end":{"line":40,"column":19}},"loc":{"start":{"line":40,"column":25},"end":{"line":40,"column":49}}}},"branchMap":{"0":{"loc":{"start":{"line":21,"column":6},"end":{"line":21,"column":22}},"type":"default-arg","locations":[{"start":{"line":21,"column":20},"end":{"line":21,"column":22}}]},"1":{"loc":{"start":{"line":22,"column":6},"end":{"line":22,"column":21}},"type":"default-arg","locations":[{"start":{"line":22,"column":18},"end":{"line":22,"column":21}}]},"2":{"loc":{"start":{"line":23,"column":6},"end":{"line":23,"column":23}},"type":"default-arg","locations":[{"start":{"line":23,"column":18},"end":{"line":23,"column":23}}]},"3":{"loc":{"start":{"line":29,"column":6},"end":{"line":32,"column":7}},"type":"if","locations":[{"start":{"line":29,"column":6},"end":{"line":32,"column":7}},{"start":{},"end":{}}]},"4":{"loc":{"start":{"line":29,"column":10},"end":{"line":29,"column":57}},"type":"binary-expr","locations":[{"start":{"line":29,"column":10},"end":{"line":29,"column":27}},{"start":{"line":29,"column":31},"end":{"line":29,"column":57}}]}},"s":{"0":2,"1":2,"2":48,"3":36,"4":3,"5":3,"6":48,"7":33},"f":{"0":48,"1":36,"2":33},"b":{"0":[0],"1":[0],"2":[0],"3":[3,33],"4":[36,3]}}
,"C:\\ClaudeCode\\company\\ai-company\\src\\002-todo-app\\src\\components\\molecules\\FilterTabs.tsx": {"path":"C:\\ClaudeCode\\company\\ai-company\\src\\002-todo-app\\src\\components\\molecules\\FilterTabs.tsx","statementMap":{"0":{"start":{"line":10,"column":0},"end":{"line":10,"column":16}},"1":{"start":{"line":3,"column":0},"end":{"line":3,"column":39}},"2":{"start":{"line":4,"column":0},"end":{"line":4,"column":44}},"3":{"start":{"line":5,"column":0},"end":{"line":5,"column":48}},"4":{"start":{"line":8,"column":30},"end":{"line":8,"column":60}},"5":{"start":{"line":11,"column":30},"end":{"line":11,"column":40}},"6":{"start":{"line":13,"column":2},"end":{"line":47,"column":4}},"7":{"start":{"line":16,"column":25},"end":{"line":16,"column":48}},"8":{"start":{"line":17,"column":8},"end":{"line":44,"column":10}},"9":{"start":{"line":24,"column":27},"end":{"line":24,"column":80}}},"fnMap":{"0":{"name":"FilterTabs","decl":{"start":{"line":10,"column":16},"end":{"line":10,"column":26}},"loc":{"start":{"line":10,"column":26},"end":{"line":48,"column":1}}},"1":{"name":"(anonymous_1)","decl":{"start":{"line":15,"column":19},"end":{"line":15,"column":20}},"loc":{"start":{"line":15,"column":30},"end":{"line":45,"column":7}}},"2":{"name":"(anonymous_2)","decl":{"start":{"line":24,"column":21},"end":{"line":24,"column":24}},"loc":{"start":{"line":24,"column":27},"end":{"line":24,"column":80}}}},"branchMap":{"0":{"loc":{"start":{"line":29,"column":16},"end":{"line":31,"column":null}},"type":"cond-expr","locations":[{"start":{"line":30,"column":18},"end":{"line":30,"column":59}},{"start":{"line":31,"column":18},"end":{"line":31,"column":null}}]},"1":{"loc":{"start":{"line":35,"column":13},"end":{"line":40,"column":null}},"type":"binary-expr","locations":[{"start":{"line":35,"column":13},"end":{"line":35,"column":21}},{"start":{"line":36,"column":14},"end":{"line":39,"column":null}}]}},"s":{"0":2,"1":2,"2":2,"3":2,"4":2,"5":12,"6":10,"7":30,"8":30,"9":3},"f":{"0":12,"1":30,"2":3},"b":{"0":[10,20],"1":[30,10]}}
,"C:\\ClaudeCode\\company\\ai-company\\src\\002-todo-app\\src\\components\\molecules\\TaskInput.tsx": {"path":"C:\\ClaudeCode\\company\\ai-company\\src\\002-todo-app\\src\\components\\molecules\\TaskInput.tsx","statementMap":{"0":{"start":{"line":10,"column":0},"end":{"line":10,"column":16}},"1":{"start":{"line":3,"column":0},"end":{"line":3,"column":54}},"2":{"start":{"line":4,"column":0},"end":{"line":4,"column":36}},"3":{"start":{"line":5,"column":0},"end":{"line":5,"column":57}},"4":{"start":{"line":6,"column":0},"end":{"line":6,"column":51}},"5":{"start":{"line":7,"column":0},"end":{"line":7,"column":44}},"6":{"start":{"line":8,"column":0},"end":{"line":8,"column":51}},"7":{"start":{"line":11,"column":38},"end":{"line":11,"column":50}},"8":{"start":{"line":12,"column":19},"end":{"line":12,"column":49}},"9":{"start":{"line":13,"column":23},"end":{"line":13,"column":33}},"10":{"start":{"line":15,"column":23},"end":{"line":23,"column":28}},"11":{"start":{"line":16,"column":20},"end":{"line":16,"column":37}},"12":{"start":{"line":17,"column":4},"end":{"line":17,"column":37}},"13":{"start":{"line":17,"column":30},"end":{"line":17,"column":37}},"14":{"start":{"line":19,"column":18},"end":{"line":19,"column":52}},"15":{"start":{"line":20,"column":4},"end":{"line":20,"column":55}},"16":{"start":{"line":21,"column":4},"end":{"line":21,"column":22}},"17":{"start":{"line":22,"column":4},"end":{"line":22,"column":30}},"18":{"start":{"line":25,"column":2},"end":{"line":47,"column":4}}},"fnMap":{"0":{"name":"TaskInput","decl":{"start":{"line":10,"column":16},"end":{"line":10,"column":25}},"loc":{"start":{"line":10,"column":25},"end":{"line":48,"column":1}}},"1":{"name":"(anonymous_1)","decl":{"start":{"line":15,"column":35},"end":{"line":15,"column":38}},"loc":{"start":{"line":15,"column":40},"end":{"line":23,"column":3}}}},"branchMap":{"0":{"loc":{"start":{"line":17,"column":4},"end":{"line":17,"column":37}},"type":"if","locations":[{"start":{"line":17,"column":4},"end":{"line":17,"column":37}},{"start":{},"end":{}}]},"1":{"loc":{"start":{"line":22,"column":4},"end":{"line":22,"column":29}},"type":"cond-expr","locations":[{"start":{"line":22,"column":20},"end":{"line":22,"column":22}},{"start":{"line":22,"column":20},"end":{"line":22,"column":29}}]},"2":{"loc":{"start":{"line":22,"column":4},"end":{"line":22,"column":22}},"type":"binary-expr","locations":[{"start":{"line":22,"column":4},"end":{"line":22,"column":22}},{"start":{"line":22,"column":20},"end":{"line":22,"column":22}}]}},"s":{"0":2,"1":2,"2":2,"3":2,"4":2,"5":2,"6":2,"7":48,"8":48,"9":48,"10":48,"11":5,"12":5,"13":1,"14":4,"15":4,"16":4,"17":4,"18":48},"f":{"0":48,"1":5},"b":{"0":[1,4],"1":[0,4],"2":[4,4]}}
,"C:\\ClaudeCode\\company\\ai-company\\src\\002-todo-app\\src\\components\\molecules\\TaskItem.tsx": {"path":"C:\\ClaudeCode\\company\\ai-company\\src\\002-todo-app\\src\\components\\molecules\\TaskItem.tsx","statementMap":{"0":{"start":{"line":3,"column":0},"end":{"line":3,"column":91}},"1":{"start":{"line":4,"column":0},"end":{"line":4,"column":39}},"2":{"start":{"line":5,"column":0},"end":{"line":5,"column":52}},"3":{"start":{"line":6,"column":0},"end":{"line":6,"column":55}},"4":{"start":{"line":7,"column":0},"end":{"line":7,"column":59}},"5":{"start":{"line":8,"column":0},"end":{"line":8,"column":44}},"6":{"start":{"line":9,"column":0},"end":{"line":9,"column":null}},"7":{"start":{"line":14,"column":0},"end":{"line":14,"column":51}},"8":{"start":{"line":22,"column":13},"end":{"line":179,"column":3}},"9":{"start":{"line":23,"column":23},"end":{"line":23,"column":33}},"10":{"start":{"line":24,"column":36},"end":{"line":24,"column":51}},"11":{"start":{"line":25,"column":36},"end":{"line":25,"column":56}},"12":{"start":{"line":26,"column":23},"end":{"line":26,"column":53}},"13":{"start":{"line":28,"column":23},"end":{"line":30,"column":25}},"14":{"start":{"line":29,"column":4},"end":{"line":29,"column":64}},"15":{"start":{"line":32,"column":23},"end":{"line":34,"column":25}},"16":{"start":{"line":33,"column":4},"end":{"line":33,"column":64}},"17":{"start":{"line":36,"column":28},"end":{"line":40,"column":34}},"18":{"start":{"line":37,"column":4},"end":{"line":37,"column":31}},"19":{"start":{"line":37,"column":24},"end":{"line":37,"column":31}},"20":{"start":{"line":38,"column":4},"end":{"line":38,"column":29}},"21":{"start":{"line":39,"column":4},"end":{"line":39,"column":23}},"22":{"start":{"line":42,"column":27},"end":{"line":55,"column":48}},"23":{"start":{"line":43,"column":20},"end":{"line":43,"column":36}},"24":{"start":{"line":44,"column":4},"end":{"line":49,"column":5}},"25":{"start":{"line":46,"column":6},"end":{"line":46,"column":31}},"26":{"start":{"line":47,"column":6},"end":{"line":47,"column":26}},"27":{"start":{"line":48,"column":6},"end":{"line":48,"column":13}},"28":{"start":{"line":50,"column":18},"end":{"line":50,"column":52}},"29":{"start":{"line":51,"column":4},"end":{"line":53,"column":5}},"30":{"start":{"line":52,"column":6},"end":{"line":52,"column":71}},"31":{"start":{"line":54,"column":4},"end":{"line":54,"column":24}},"32":{"start":{"line":57,"column":27},"end":{"line":60,"column":18}},"33":{"start":{"line":58,"column":4},"end":{"line":58,"column":29}},"34":{"start":{"line":59,"column":4},"end":{"line":59,"column":24}},"35":{"start":{"line":62,"column":28},"end":{"line":72,"column":null}},"36":{"start":{"line":64,"column":6},"end":{"line":70,"column":7}},"37":{"start":{"line":65,"column":8},"end":{"line":65,"column":27}},"38":{"start":{"line":66,"column":8},"end":{"line":66,"column":27}},"39":{"start":{"line":67,"column":13},"end":{"line":70,"column":7}},"40":{"start":{"line":68,"column":8},"end":{"line":68,"column":27}},"41":{"start":{"line":69,"column":8},"end":{"line":69,"column":27}},"42":{"start":{"line":75,"column":2},"end":{"line":80,"column":18}},"43":{"start":{"line":76,"column":4},"end":{"line":79,"column":5}},"44":{"start":{"line":77,"column":6},"end":{"line":77,"column":35}},"45":{"start":{"line":78,"column":6},"end":{"line":78,"column":36}},"46":{"start":{"line":82,"column":2},"end":{"line":178,"column":4}},"47":{"start":{"line":128,"column":31},"end":{"line":128,"column":59}}},"fnMap":{"0":{"name":"TaskItem","decl":{"start":{"line":22,"column":38},"end":{"line":22,"column":46}},"loc":{"start":{"line":22,"column":92},"end":{"line":179,"column":1}}},"1":{"name":"(anonymous_1)","decl":{"start":{"line":28,"column":35},"end":{"line":28,"column":38}},"loc":{"start":{"line":28,"column":40},"end":{"line":30,"column":3}}},"2":{"name":"(anonymous_2)","decl":{"start":{"line":32,"column":35},"end":{"line":32,"column":38}},"loc":{"start":{"line":32,"column":40},"end":{"line":34,"column":3}}},"3":{"name":"(anonymous_3)","decl":{"start":{"line":36,"column":40},"end":{"line":36,"column":43}},"loc":{"start":{"line":36,"column":45},"end":{"line":40,"column":3}}},"4":{"name":"(anonymous_4)","decl":{"start":{"line":42,"column":39},"end":{"line":42,"column":42}},"loc":{"start":{"line":42,"column":44},"end":{"line":55,"column":3}}},"5":{"name":"(anonymous_5)","decl":{"start":{"line":57,"column":39},"end":{"line":57,"column":42}},"loc":{"start":{"line":57,"column":44},"end":{"line":60,"column":3}}},"6":{"name":"(anonymous_6)","decl":{"start":{"line":63,"column":4},"end":{"line":63,"column":5}},"loc":{"start":{"line":63,"column":43},"end":{"line":71,"column":5}}},"7":{"name":"(anonymous_7)","decl":{"start":{"line":75,"column":12},"end":{"line":75,"column":15}},"loc":{"start":{"line":75,"column":17},"end":{"line":80,"column":3}}},"8":{"name":"(anonymous_8)","decl":{"start":{"line":128,"column":24},"end":{"line":128,"column":25}},"loc":{"start":{"line":128,"column":31},"end":{"line":128,"column":59}}}},"branchMap":{"0":{"loc":{"start":{"line":22,"column":55},"end":{"line":22,"column":75}},"type":"default-arg","locations":[{"start":{"line":22,"column":70},"end":{"line":22,"column":75}}]},"1":{"loc":{"start":{"line":37,"column":4},"end":{"line":37,"column":31}},"type":"if","locations":[{"start":{"line":37,"column":4},"end":{"line":37,"column":31}},{"start":{},"end":{}}]},"2":{"loc":{"start":{"line":44,"column":4},"end":{"line":49,"column":5}},"type":"if","locations":[{"start":{"line":44,"column":4},"end":{"line":49,"column":5}},{"start":{},"end":{}}]},"3":{"loc":{"start":{"line":51,"column":4},"end":{"line":53,"column":5}},"type":"if","locations":[{"start":{"line":51,"column":4},"end":{"line":53,"column":5}},{"start":{},"end":{}}]},"4":{"loc":{"start":{"line":64,"column":6},"end":{"line":70,"column":7}},"type":"if","locations":[{"start":{"line":64,"column":6},"end":{"line":70,"column":7}},{"start":{"line":67,"column":13},"end":{"line":70,"column":7}}]},"5":{"loc":{"start":{"line":64,"column":10},"end":{"line":64,"column":57}},"type":"binary-expr","locations":[{"start":{"line":64,"column":10},"end":{"line":64,"column":27}},{"start":{"line":64,"column":31},"end":{"line":64,"column":57}}]},"6":{"loc":{"start":{"line":67,"column":13},"end":{"line":70,"column":7}},"type":"if","locations":[{"start":{"line":67,"column":13},"end":{"line":70,"column":7}},{"start":{},"end":{}}]},"7":{"loc":{"start":{"line":76,"column":4},"end":{"line":79,"column":5}},"type":"if","locations":[{"start":{"line":76,"column":4},"end":{"line":79,"column":5}},{"start":{},"end":{}}]},"8":{"loc":{"start":{"line":76,"column":8},"end":{"line":76,"column":41}},"type":"binary-expr","locations":[{"start":{"line":76,"column":8},"end":{"line":76,"column":17}},{"start":{"line":76,"column":21},"end":{"line":76,"column":41}}]},"9":{"loc":{"start":{"line":102,"column":9},"end":{"line":113,"column":null}},"type":"binary-expr","locations":[{"start":{"line":102,"column":9},"end":{"line":102,"column":21}},{"start":{"line":103,"column":10},"end":{"line":112,"column":null}}]},"10":{"loc":{"start":{"line":119,"column":38},"end":{"line":119,"column":73}},"type":"cond-expr","locations":[{"start":{"line":119,"column":55},"end":{"line":119,"column":63}},{"start":{"line":119,"column":66},"end":{"line":119,"column":73}}]},"11":{"loc":{"start":{"line":123,"column":11},"end":{"line":154,"column":null}},"type":"cond-expr","locations":[{"start":{"line":124,"column":12},"end":{"line":138,"column":null}},{"start":{"line":141,"column":12},"end":{"line":153,"column":null}}]},"12":{"loc":{"start":{"line":145,"column":18},"end":{"line":145,"column":54}},"type":"cond-expr","locations":[{"start":{"line":145,"column":36},"end":{"line":145,"column":49}},{"start":{"line":145,"column":52},"end":{"line":145,"column":54}}]},"13":{"loc":{"start":{"line":146,"column":18},"end":{"line":148,"column":null}},"type":"cond-expr","locations":[{"start":{"line":147,"column":20},"end":{"line":147,"column":62}},{"start":{"line":148,"column":20},"end":{"line":148,"column":null}}]},"14":{"loc":{"start":{"line":151,"column":21},"end":{"line":151,"column":62}},"type":"cond-expr","locations":[{"start":{"line":151,"column":38},"end":{"line":151,"column":47}},{"start":{"line":151,"column":50},"end":{"line":151,"column":62}}]},"15":{"loc":{"start":{"line":157,"column":11},"end":{"line":164,"column":null}},"type":"binary-expr","locations":[{"start":{"line":157,"column":11},"end":{"line":157,"column":21}},{"start":{"line":158,"column":12},"end":{"line":163,"column":null}}]},"16":{"loc":{"start":{"line":161,"column":23},"end":{"line":161,"column":63}},"type":"cond-expr","locations":[{"start":{"line":161,"column":40},"end":{"line":161,"column":49}},{"start":{"line":161,"column":52},"end":{"line":161,"column":63}}]}},"s":{"0":3,"1":3,"2":3,"3":3,"4":3,"5":3,"6":3,"7":3,"8":3,"9":42,"10":42,"11":42,"12":42,"13":42,"14":1,"15":42,"16":1,"17":42,"18":6,"19":1,"20":5,"21":5,"22":42,"23":3,"24":3,"25":1,"26":1,"27":1,"28":2,"29":2,"30":1,"31":2,"32":42,"33":1,"34":1,"35":42,"36":14,"37":3,"38":3,"39":11,"40":1,"41":1,"42":42,"43":29,"44":5,"45":5,"46":42,"47":13},"f":{"0":42,"1":1,"2":1,"3":6,"4":3,"5":1,"6":14,"7":29,"8":13},"b":{"0":[2],"1":[1,5],"2":[1,2],"3":[1,1],"4":[3,11],"5":[14,3],"6":[1,10],"7":[5,24],"8":[29,5],"9":[42,3],"10":[4,38],"11":[18,24],"12":[20,4],"13":[4,20],"14":[4,20],"15":[42,24],"16":[4,20]}}
,"C:\\ClaudeCode\\company\\ai-company\\src\\002-todo-app\\src\\components\\molecules\\ThemeToggle.tsx": {"path":"C:\\ClaudeCode\\company\\ai-company\\src\\002-todo-app\\src\\components\\molecules\\ThemeToggle.tsx","statementMap":{"0":{"start":{"line":8,"column":0},"end":{"line":8,"column":16}},"1":{"start":{"line":3,"column":0},"end":{"line":3,"column":56}},"2":{"start":{"line":4,"column":0},"end":{"line":4,"column":41}},"3":{"start":{"line":5,"column":0},"end":{"line":5,"column":44}},"4":{"start":{"line":6,"column":0},"end":{"line":6,"column":58}},"5":{"start":{"line":9,"column":33},"end":{"line":9,"column":43}},"6":{"start":{"line":11,"column":2},"end":{"line":49,"column":4}}},"fnMap":{"0":{"name":"ThemeToggle","decl":{"start":{"line":8,"column":16},"end":{"line":8,"column":27}},"loc":{"start":{"line":8,"column":27},"end":{"line":50,"column":1}}}},"branchMap":{"0":{"loc":{"start":{"line":15,"column":18},"end":{"line":15,"column":67}},"type":"cond-expr","locations":[{"start":{"line":15,"column":38},"end":{"line":15,"column":51}},{"start":{"line":15,"column":54},"end":{"line":15,"column":67}}]},"1":{"loc":{"start":{"line":26,"column":9},"end":{"line":45,"column":null}},"type":"cond-expr","locations":[{"start":{"line":27,"column":10},"end":{"line":28,"column":null}},{"start":{"line":37,"column":10},"end":{"line":38,"column":null}}]}},"s":{"0":3,"1":3,"2":3,"3":3,"4":3,"5":10,"6":10},"f":{"0":10},"b":{"0":[8,2],"1":[8,2]}}
,"C:\\ClaudeCode\\company\\ai-company\\src\\002-todo-app\\src\\components\\organisms\\Footer.tsx": {"path":"C:\\ClaudeCode\\company\\ai-company\\src\\002-todo-app\\src\\components\\organisms\\Footer.tsx","statementMap":{"0":{"start":{"line":7,"column":0},"end":{"line":7,"column":16}},"1":{"start":{"line":3,"column":0},"end":{"line":3,"column":49}},"2":{"start":{"line":4,"column":0},"end":{"line":4,"column":51}},"3":{"start":{"line":5,"column":0},"end":{"line":5,"column":44}},"4":{"start":{"line":8,"column":59},"end":{"line":8,"column":69}},"5":{"start":{"line":11,"column":2},"end":{"line":11,"column":44}},"6":{"start":{"line":11,"column":32},"end":{"line":11,"column":44}},"7":{"start":{"line":13,"column":31},"end":{"line":15,"column":3}},"8":{"start":{"line":14,"column":4},"end":{"line":14,"column":42}},"9":{"start":{"line":17,"column":2},"end":{"line":34,"column":4}}},"fnMap":{"0":{"name":"Footer","decl":{"start":{"line":7,"column":16},"end":{"line":7,"column":22}},"loc":{"start":{"line":7,"column":22},"end":{"line":35,"column":1}}},"1":{"name":"(anonymous_1)","decl":{"start":{"line":13,"column":31},"end":{"line":13,"column":34}},"loc":{"start":{"line":13,"column":36},"end":{"line":15,"column":3}}}},"branchMap":{"0":{"loc":{"start":{"line":11,"column":2},"end":{"line":11,"column":44}},"type":"if","locations":[{"start":{"line":11,"column":2},"end":{"line":11,"column":44}},{"start":{},"end":{}}]},"1":{"loc":{"start":{"line":23,"column":7},"end":{"line":31,"column":null}},"type":"binary-expr","locations":[{"start":{"line":23,"column":7},"end":{"line":23,"column":25}},{"start":{"line":24,"column":8},"end":{"line":28,"column":null}}]}},"s":{"0":2,"1":2,"2":2,"3":2,"4":9,"5":9,"6":3,"7":6,"8":1,"9":6},"f":{"0":9,"1":1},"b":{"0":[3,6],"1":[6,5]}}
,"C:\\ClaudeCode\\company\\ai-company\\src\\002-todo-app\\src\\components\\organisms\\Header.tsx": {"path":"C:\\ClaudeCode\\company\\ai-company\\src\\002-todo-app\\src\\components\\organisms\\Header.tsx","statementMap":{"0":{"start":{"line":5,"column":0},"end":{"line":5,"column":16}},"1":{"start":{"line":3,"column":0},"end":{"line":3,"column":65}},"2":{"start":{"line":6,"column":2},"end":{"line":13,"column":4}}},"fnMap":{"0":{"name":"Header","decl":{"start":{"line":5,"column":16},"end":{"line":5,"column":22}},"loc":{"start":{"line":5,"column":22},"end":{"line":14,"column":1}}}},"branchMap":{},"s":{"0":2,"1":2,"2":5},"f":{"0":5},"b":{}}
,"C:\\ClaudeCode\\company\\ai-company\\src\\002-todo-app\\src\\components\\organisms\\TaskList.tsx": {"path":"C:\\ClaudeCode\\company\\ai-company\\src\\002-todo-app\\src\\components\\organisms\\TaskList.tsx","statementMap":{"0":{"start":{"line":12,"column":0},"end":{"line":12,"column":16}},"1":{"start":{"line":3,"column":0},"end":{"line":3,"column":36}},"2":{"start":{"line":4,"column":0},"end":{"line":4,"column":57}},"3":{"start":{"line":5,"column":0},"end":{"line":5,"column":45}},"4":{"start":{"line":6,"column":0},"end":{"line":6,"column":59}},"5":{"start":{"line":7,"column":0},"end":{"line":7,"column":59}},"6":{"start":{"line":8,"column":0},"end":{"line":8,"column":44}},"7":{"start":{"line":9,"column":0},"end":{"line":9,"column":49}},"8":{"start":{"line":13,"column":45},"end":{"line":13,"column":55}},"9":{"start":{"line":15,"column":24},"end":{"line":19,"column":null}},"10":{"start":{"line":17,"column":6},"end":{"line":17,"column":72}},"11":{"start":{"line":22,"column":2},"end":{"line":31,"column":3}},"12":{"start":{"line":23,"column":4},"end":{"line":30,"column":6}},"13":{"start":{"line":35,"column":24},"end":{"line":35,"column":46}},"14":{"start":{"line":37,"column":2},"end":{"line":62,"column":3}},"15":{"start":{"line":38,"column":4},"end":{"line":61,"column":6}},"16":{"start":{"line":50,"column":12},"end":{"line":51,"column":null}},"17":{"start":{"line":64,"column":2},"end":{"line":77,"column":4}},"18":{"start":{"line":73,"column":10},"end":{"line":73,"column":34}}},"fnMap":{"0":{"name":"TaskList","decl":{"start":{"line":12,"column":16},"end":{"line":12,"column":24}},"loc":{"start":{"line":12,"column":24},"end":{"line":78,"column":1}}},"1":{"name":"(anonymous_1)","decl":{"start":{"line":16,"column":4},"end":{"line":16,"column":5}},"loc":{"start":{"line":16,"column":25},"end":{"line":18,"column":5}}},"2":{"name":"(anonymous_2)","decl":{"start":{"line":49,"column":29},"end":{"line":49,"column":30}},"loc":{"start":{"line":50,"column":12},"end":{"line":51,"column":null}}},"3":{"name":"(anonymous_3)","decl":{"start":{"line":72,"column":27},"end":{"line":72,"column":28}},"loc":{"start":{"line":73,"column":10},"end":{"line":73,"column":34}}}},"branchMap":{"0":{"loc":{"start":{"line":22,"column":2},"end":{"line":31,"column":3}},"type":"if","locations":[{"start":{"line":22,"column":2},"end":{"line":31,"column":3}},{"start":{},"end":{}}]},"1":{"loc":{"start":{"line":37,"column":2},"end":{"line":62,"column":3}},"type":"if","locations":[{"start":{"line":37,"column":2},"end":{"line":62,"column":3}},{"start":{},"end":{}}]}},"s":{"0":2,"1":2,"2":2,"3":2,"4":2,"5":2,"6":2,"7":2,"8":9,"9":9,"10":0,"11":9,"12":6,"13":3,"14":3,"15":1,"16":2,"17":2,"18":2},"f":{"0":9,"1":0,"2":2,"3":2},"b":{"0":[6,3],"1":[1,2]}}
,"C:\\ClaudeCode\\company\\ai-company\\src\\002-todo-app\\src\\components\\templates\\TodoApp.tsx": {"path":"C:\\ClaudeCode\\company\\ai-company\\src\\002-todo-app\\src\\components\\templates\\TodoApp.tsx","statementMap":{"0":{"start":{"line":9,"column":0},"end":{"line":9,"column":16}},"1":{"start":{"line":3,"column":0},"end":{"line":3,"column":55}},"2":{"start":{"line":4,"column":0},"end":{"line":4,"column":61}},"3":{"start":{"line":5,"column":0},"end":{"line":5,"column":63}},"4":{"start":{"line":6,"column":0},"end":{"line":6,"column":59}},"5":{"start":{"line":7,"column":0},"end":{"line":7,"column":55}},"6":{"start":{"line":10,"column":2},"end":{"line":22,"column":4}}},"fnMap":{"0":{"name":"TodoApp","decl":{"start":{"line":9,"column":16},"end":{"line":9,"column":23}},"loc":{"start":{"line":9,"column":23},"end":{"line":23,"column":1}}}},"branchMap":{},"s":{"0":1,"1":1,"2":1,"3":1,"4":1,"5":1,"6":3},"f":{"0":3},"b":{}}
,"C:\\ClaudeCode\\company\\ai-company\\src\\002-todo-app\\src\\hooks\\useTasks.ts": {"path":"C:\\ClaudeCode\\company\\ai-company\\src\\002-todo-app\\src\\hooks\\useTasks.ts","statementMap":{"0":{"start":{"line":6,"column":0},"end":{"line":6,"column":16}},"1":{"start":{"line":3,"column":0},"end":{"line":3,"column":35}},"2":{"start":{"line":4,"column":0},"end":{"line":4,"column":76}},"3":{"start":{"line":7,"column":18},"end":{"line":7,"column":41}},"4":{"start":{"line":8,"column":2},"end":{"line":10,"column":3}},"5":{"start":{"line":9,"column":4},"end":{"line":9,"column":67}},"6":{"start":{"line":11,"column":2},"end":{"line":11,"column":17}}},"fnMap":{"0":{"name":"useTasks","decl":{"start":{"line":6,"column":16},"end":{"line":6,"column":24}},"loc":{"start":{"line":6,"column":24},"end":{"line":12,"column":1}}}},"branchMap":{"0":{"loc":{"start":{"line":8,"column":2},"end":{"line":10,"column":3}},"type":"if","locations":[{"start":{"line":8,"column":2},"end":{"line":10,"column":3}},{"start":{},"end":{}}]}},"s":{"0":7,"1":7,"2":7,"3":125,"4":123,"5":4,"6":119},"f":{"0":125},"b":{"0":[4,119]}}
,"C:\\ClaudeCode\\company\\ai-company\\src\\002-todo-app\\src\\hooks\\useTheme.ts": {"path":"C:\\ClaudeCode\\company\\ai-company\\src\\002-todo-app\\src\\hooks\\useTheme.ts","statementMap":{"0":{"start":{"line":6,"column":0},"end":{"line":6,"column":16}},"1":{"start":{"line":3,"column":0},"end":{"line":3,"column":35}},"2":{"start":{"line":4,"column":0},"end":{"line":4,"column":79}},"3":{"start":{"line":7,"column":18},"end":{"line":7,"column":42}},"4":{"start":{"line":8,"column":2},"end":{"line":10,"column":3}},"5":{"start":{"line":9,"column":4},"end":{"line":9,"column":68}},"6":{"start":{"line":11,"column":2},"end":{"line":11,"column":17}}},"fnMap":{"0":{"name":"useTheme","decl":{"start":{"line":6,"column":16},"end":{"line":6,"column":24}},"loc":{"start":{"line":6,"column":24},"end":{"line":12,"column":1}}}},"branchMap":{"0":{"loc":{"start":{"line":8,"column":2},"end":{"line":10,"column":3}},"type":"if","locations":[{"start":{"line":8,"column":2},"end":{"line":10,"column":3}},{"start":{},"end":{}}]}},"s":{"0":4,"1":4,"2":4,"3":15,"4":15,"5":4,"6":11},"f":{"0":15},"b":{"0":[4,11]}}
,"C:\\ClaudeCode\\company\\ai-company\\src\\002-todo-app\\src\\lib\\constants.ts": {"path":"C:\\ClaudeCode\\company\\ai-company\\src\\002-todo-app\\src\\lib\\constants.ts","statementMap":{"0":{"start":{"line":2,"column":13},"end":{"line":2,"column":50}},"1":{"start":{"line":5,"column":13},"end":{"line":5,"column":50}},"2":{"start":{"line":8,"column":13},"end":{"line":8,"column":36}},"3":{"start":{"line":11,"column":13},"end":{"line":11,"column":29}},"4":{"start":{"line":14,"column":13},"end":{"line":18,"column":11}},"5":{"start":{"line":21,"column":13},"end":{"line":25,"column":11}}},"fnMap":{},"branchMap":{},"s":{"0":12,"1":12,"2":12,"3":12,"4":12,"5":12},"f":{},"b":{}}
,"C:\\ClaudeCode\\company\\ai-company\\src\\002-todo-app\\src\\lib\\storage.ts": {"path":"C:\\ClaudeCode\\company\\ai-company\\src\\002-todo-app\\src\\lib\\storage.ts","statementMap":{"0":{"start":{"line":30,"column":0},"end":{"line":30,"column":16}},"1":{"start":{"line":41,"column":0},"end":{"line":41,"column":16}},"2":{"start":{"line":55,"column":0},"end":{"line":55,"column":16}},"3":{"start":{"line":65,"column":0},"end":{"line":65,"column":16}},"4":{"start":{"line":2,"column":0},"end":{"line":2,"column":67}},"5":{"start":{"line":6,"column":2},"end":{"line":13,"column":3}},"6":{"start":{"line":7,"column":20},"end":{"line":7,"column":38}},"7":{"start":{"line":8,"column":4},"end":{"line":8,"column":42}},"8":{"start":{"line":9,"column":4},"end":{"line":9,"column":37}},"9":{"start":{"line":10,"column":4},"end":{"line":10,"column":16}},"10":{"start":{"line":12,"column":4},"end":{"line":12,"column":17}},"11":{"start":{"line":18,"column":2},"end":{"line":18,"column":60}},"12":{"start":{"line":18,"column":47},"end":{"line":18,"column":60}},"13":{"start":{"line":19,"column":12},"end":{"line":19,"column":42}},"14":{"start":{"line":20,"column":2},"end":{"line":26,"column":4}},"15":{"start":{"line":31,"column":2},"end":{"line":31,"column":36}},"16":{"start":{"line":31,"column":29},"end":{"line":31,"column":36}},"17":{"start":{"line":32,"column":2},"end":{"line":37,"column":3}},"18":{"start":{"line":33,"column":17},"end":{"line":33,"column":38}},"19":{"start":{"line":34,"column":4},"end":{"line":34,"column":50}},"20":{"start":{"line":36,"column":4},"end":{"line":36,"column":61}},"21":{"start":{"line":42,"column":2},"end":{"line":42,"column":39}},"22":{"start":{"line":42,"column":29},"end":{"line":42,"column":39}},"23":{"start":{"line":43,"column":2},"end":{"line":51,"column":3}},"24":{"start":{"line":44,"column":17},"end":{"line":44,"column":56}},"25":{"start":{"line":45,"column":4},"end":{"line":45,"column":25}},"26":{"start":{"line":45,"column":15},"end":{"line":45,"column":25}},"27":{"start":{"line":46,"column":19},"end":{"line":46,"column":35}},"28":{"start":{"line":47,"column":4},"end":{"line":47,"column":42}},"29":{"start":{"line":47,"column":32},"end":{"line":47,"column":42}},"30":{"start":{"line":48,"column":4},"end":{"line":48,"column":38}},"31":{"start":{"line":50,"column":4},"end":{"line":50,"column":14}},"32":{"start":{"line":56,"column":2},"end":{"line":56,"column":36}},"33":{"start":{"line":56,"column":29},"end":{"line":56,"column":36}},"34":{"start":{"line":57,"column":2},"end":{"line":61,"column":3}},"35":{"start":{"line":58,"column":4},"end":{"line":58,"column":51}},"36":{"start":{"line":66,"column":2},"end":{"line":66,"column":41}},"37":{"start":{"line":66,"column":29},"end":{"line":66,"column":41}},"38":{"start":{"line":67,"column":16},"end":{"line":67,"column":55}},"39":{"start":{"line":68,"column":2},"end":{"line":68,"column":58}},"40":{"start":{"line":68,"column":45},"end":{"line":68,"column":58}},"41":{"start":{"line":69,"column":2},"end":{"line":69,"column":14}}},"fnMap":{"0":{"name":"isStorageAvailable","decl":{"start":{"line":5,"column":9},"end":{"line":5,"column":27}},"loc":{"start":{"line":5,"column":27},"end":{"line":14,"column":1}}},"1":{"name":"isValidTask","decl":{"start":{"line":17,"column":9},"end":{"line":17,"column":20}},"loc":{"start":{"line":17,"column":33},"end":{"line":27,"column":1}}},"2":{"name":"saveTasks","decl":{"start":{"line":30,"column":16},"end":{"line":30,"column":25}},"loc":{"start":{"line":30,"column":39},"end":{"line":38,"column":1}}},"3":{"name":"loadTasks","decl":{"start":{"line":41,"column":16},"end":{"line":41,"column":25}},"loc":{"start":{"line":41,"column":25},"end":{"line":52,"column":1}}},"4":{"name":"saveTheme","decl":{"start":{"line":55,"column":16},"end":{"line":55,"column":25}},"loc":{"start":{"line":55,"column":38},"end":{"line":62,"column":1}}},"5":{"name":"loadTheme","decl":{"start":{"line":65,"column":16},"end":{"line":65,"column":25}},"loc":{"start":{"line":65,"column":25},"end":{"line":70,"column":1}}}},"branchMap":{"0":{"loc":{"start":{"line":18,"column":2},"end":{"line":18,"column":60}},"type":"if","locations":[{"start":{"line":18,"column":2},"end":{"line":18,"column":60}},{"start":{},"end":{}}]},"1":{"loc":{"start":{"line":18,"column":6},"end":{"line":18,"column":45}},"type":"binary-expr","locations":[{"start":{"line":18,"column":6},"end":{"line":18,"column":29}},{"start":{"line":18,"column":33},"end":{"line":18,"column":45}}]},"2":{"loc":{"start":{"line":21,"column":4},"end":{"line":25,"column":31}},"type":"binary-expr","locations":[{"start":{"line":21,"column":4},"end":{"line":21,"column":28}},{"start":{"line":22,"column":4},"end":{"line":22,"column":31}},{"start":{"line":23,"column":4},"end":{"line":23,"column":36}},{"start":{"line":24,"column":4},"end":{"line":24,"column":35}},{"start":{"line":25,"column":4},"end":{"line":25,"column":31}}]},"3":{"loc":{"start":{"line":31,"column":2},"end":{"line":31,"column":36}},"type":"if","locations":[{"start":{"line":31,"column":2},"end":{"line":31,"column":36}},{"start":{},"end":{}}]},"4":{"loc":{"start":{"line":42,"column":2},"end":{"line":42,"column":39}},"type":"if","locations":[{"start":{"line":42,"column":2},"end":{"line":42,"column":39}},{"start":{},"end":{}}]},"5":{"loc":{"start":{"line":45,"column":4},"end":{"line":45,"column":25}},"type":"if","locations":[{"start":{"line":45,"column":4},"end":{"line":45,"column":25}},{"start":{},"end":{}}]},"6":{"loc":{"start":{"line":47,"column":4},"end":{"line":47,"column":42}},"type":"if","locations":[{"start":{"line":47,"column":4},"end":{"line":47,"column":42}},{"start":{},"end":{}}]},"7":{"loc":{"start":{"line":56,"column":2},"end":{"line":56,"column":36}},"type":"if","locations":[{"start":{"line":56,"column":2},"end":{"line":56,"column":36}},{"start":{},"end":{}}]},"8":{"loc":{"start":{"line":66,"column":2},"end":{"line":66,"column":41}},"type":"if","locations":[{"start":{"line":66,"column":2},"end":{"line":66,"column":41}},{"start":{},"end":{}}]},"9":{"loc":{"start":{"line":68,"column":2},"end":{"line":68,"column":58}},"type":"if","locations":[{"start":{"line":68,"column":2},"end":{"line":68,"column":58}},{"start":{},"end":{}}]},"10":{"loc":{"start":{"line":68,"column":6},"end":{"line":68,"column":43}},"type":"binary-expr","locations":[{"start":{"line":68,"column":6},"end":{"line":68,"column":23}},{"start":{"line":68,"column":27},"end":{"line":68,"column":43}}]}},"s":{"0":11,"1":11,"2":11,"3":11,"4":11,"5":18,"6":18,"7":18,"8":16,"9":16,"10":2,"11":7,"12":1,"13":6,"14":6,"15":4,"16":1,"17":3,"18":3,"19":3,"20":0,"21":8,"22":1,"23":7,"24":7,"25":7,"26":1,"27":6,"28":5,"29":1,"30":4,"31":1,"32":2,"33":0,"34":2,"35":2,"36":4,"37":0,"38":4,"39":4,"40":2,"41":2},"f":{"0":18,"1":7,"2":4,"3":8,"4":2,"5":4},"b":{"0":[1,6],"1":[7,7],"2":[6,6,4,4,4],"3":[1,3],"4":[1,7],"5":[1,6],"6":[1,4],"7":[0,2],"8":[0,4],"9":[2,2],"10":[4,3]}}
,"C:\\ClaudeCode\\company\\ai-company\\src\\002-todo-app\\src\\reducers\\taskReducer.ts": {"path":"C:\\ClaudeCode\\company\\ai-company\\src\\002-todo-app\\src\\reducers\\taskReducer.ts","statementMap":{"0":{"start":{"line":4,"column":0},"end":{"line":4,"column":16}},"1":{"start":{"line":2,"column":0},"end":{"line":2,"column":44}},"2":{"start":{"line":5,"column":2},"end":{"line":73,"column":3}},"3":{"start":{"line":8,"column":6},"end":{"line":10,"column":7}},"4":{"start":{"line":9,"column":8},"end":{"line":9,"column":21}},"5":{"start":{"line":11,"column":28},"end":{"line":17,"column":8}},"6":{"start":{"line":18,"column":6},"end":{"line":18,"column":60}},"7":{"start":{"line":22,"column":6},"end":{"line":28,"column":null}},"8":{"start":{"line":25,"column":10},"end":{"line":27,"column":15}},"9":{"start":{"line":32,"column":6},"end":{"line":34,"column":null}},"10":{"start":{"line":34,"column":41},"end":{"line":34,"column":67}},"11":{"start":{"line":38,"column":6},"end":{"line":44,"column":null}},"12":{"start":{"line":41,"column":10},"end":{"line":43,"column":15}},"13":{"start":{"line":48,"column":6},"end":{"line":50,"column":null}},"14":{"start":{"line":50,"column":50},"end":{"line":50,"column":70}},"15":{"start":{"line":54,"column":6},"end":{"line":56,"column":null}},"16":{"start":{"line":56,"column":41},"end":{"line":56,"column":53}},"17":{"start":{"line":60,"column":6},"end":{"line":62,"column":null}},"18":{"start":{"line":66,"column":6},"end":{"line":68,"column":null}},"19":{"start":{"line":72,"column":6},"end":{"line":72,"column":19}}},"fnMap":{"0":{"name":"taskReducer","decl":{"start":{"line":4,"column":16},"end":{"line":4,"column":27}},"loc":{"start":{"line":4,"column":64},"end":{"line":74,"column":1}}},"1":{"name":"(anonymous_1)","decl":{"start":{"line":24,"column":31},"end":{"line":24,"column":32}},"loc":{"start":{"line":25,"column":10},"end":{"line":27,"column":15}}},"2":{"name":"(anonymous_2)","decl":{"start":{"line":34,"column":34},"end":{"line":34,"column":35}},"loc":{"start":{"line":34,"column":41},"end":{"line":34,"column":67}}},"3":{"name":"(anonymous_3)","decl":{"start":{"line":40,"column":31},"end":{"line":40,"column":32}},"loc":{"start":{"line":41,"column":10},"end":{"line":43,"column":15}}},"4":{"name":"(anonymous_4)","decl":{"start":{"line":50,"column":40},"end":{"line":50,"column":41}},"loc":{"start":{"line":50,"column":50},"end":{"line":50,"column":70}}},"5":{"name":"(anonymous_5)","decl":{"start":{"line":56,"column":34},"end":{"line":56,"column":35}},"loc":{"start":{"line":56,"column":41},"end":{"line":56,"column":53}}}},"branchMap":{"0":{"loc":{"start":{"line":5,"column":2},"end":{"line":73,"column":3}},"type":"switch","locations":[{"start":{"line":6,"column":4},"end":{"line":19,"column":5}},{"start":{"line":21,"column":4},"end":{"line":28,"column":null}},{"start":{"line":31,"column":4},"end":{"line":34,"column":null}},{"start":{"line":37,"column":4},"end":{"line":44,"column":null}},{"start":{"line":47,"column":4},"end":{"line":50,"column":null}},{"start":{"line":53,"column":4},"end":{"line":56,"column":null}},{"start":{"line":59,"column":4},"end":{"line":62,"column":null}},{"start":{"line":65,"column":4},"end":{"line":68,"column":null}},{"start":{"line":71,"column":4},"end":{"line":72,"column":19}}]},"1":{"loc":{"start":{"line":8,"column":6},"end":{"line":10,"column":7}},"type":"if","locations":[{"start":{"line":8,"column":6},"end":{"line":10,"column":7}},{"start":{},"end":{}}]},"2":{"loc":{"start":{"line":25,"column":10},"end":{"line":27,"column":15}},"type":"cond-expr","locations":[{"start":{"line":26,"column":13},"end":{"line":26,"column":null}},{"start":{"line":27,"column":14},"end":{"line":27,"column":15}}]},"3":{"loc":{"start":{"line":41,"column":10},"end":{"line":43,"column":15}},"type":"cond-expr","locations":[{"start":{"line":42,"column":13},"end":{"line":42,"column":null}},{"start":{"line":43,"column":14},"end":{"line":43,"column":15}}]}},"s":{"0":8,"1":8,"2":23,"3":4,"4":0,"5":4,"6":4,"7":4,"8":12,"9":2,"10":6,"11":2,"12":6,"13":1,"14":3,"15":3,"16":8,"17":4,"18":2,"19":1},"f":{"0":23,"1":12,"2":6,"3":6,"4":3,"5":8},"b":{"0":[4,4,2,2,1,3,4,2,1],"1":[0,4],"2":[3,9],"3":[2,4]}}
}
