TN:
SF:src\components\atoms\Badge.tsx
FN:11,Badge
FNF:1
FNH:1
FNDA:6,Badge
DA:3,2
DA:4,2
DA:11,2
DA:12,6
LF:4
LH:4
BRDA:15,0,0,1
BRDA:15,0,1,5
BRF:2
BRH:2
end_of_record
TN:
SF:src\components\atoms\Button.tsx
FN:43,Button
FNF:1
FNH:1
FNDA:53,Button
DA:16,3
DA:38,3
DA:43,3
DA:52,53
LF:4
LH:4
BRDA:46,0,0,48
BRDA:47,1,0,48
BRDA:48,2,0,5
BRDA:50,3,0,5
BRF:4
BRH:4
end_of_record
TN:
SF:src\components\atoms\Checkbox.tsx
FN:13,Checkbox
FNF:1
FNH:1
FNDA:42,Checkbox
DA:3,3
DA:4,3
DA:5,3
DA:13,3
DA:14,42
LF:5
LH:5
BRDA:23,0,0,4
BRDA:23,0,1,38
BRDA:45,1,0,4
BRDA:45,1,1,38
BRF:4
BRH:4
end_of_record
TN:
SF:src\components\atoms\EmptyState.tsx
FN:12,EmptyState
FNF:1
FNH:1
FNDA:9,EmptyState
DA:3,3
DA:4,3
DA:12,3
DA:13,9
LF:4
LH:4
BRDA:20,0,0,9
BRDA:20,0,1,7
BRF:2
BRH:2
end_of_record
TN:
SF:src\components\atoms\IconButton.tsx
FN:14,IconButton
FNF:1
FNH:1
FNDA:42,IconButton
DA:14,3
DA:22,42
DA:25,42
DA:29,42
LF:4
LH:4
BRDA:18,0,0,0
BRDA:19,1,0,0
BRDA:20,2,0,0
BRDA:22,3,0,42
BRDA:22,3,1,0
BRDA:25,4,0,42
BRDA:25,4,1,0
BRF:7
BRH:2
end_of_record
TN:
SF:src\components\atoms\TextInput.tsx
FN:16,TextInput
FN:28,(anonymous_1)
FN:40,(anonymous_2)
FNF:3
FNH:3
FNDA:48,TextInput
FNDA:36,(anonymous_1)
FNDA:33,(anonymous_2)
DA:3,2
DA:15,2
DA:28,48
DA:29,36
DA:30,3
DA:31,3
DA:35,48
DA:40,33
LF:8
LH:8
BRDA:21,0,0,0
BRDA:22,1,0,0
BRDA:23,2,0,0
BRDA:29,3,0,3
BRDA:29,3,1,33
BRDA:29,4,0,36
BRDA:29,4,1,3
BRF:7
BRH:4
end_of_record
TN:
SF:src\components\molecules\FilterTabs.tsx
FN:10,FilterTabs
FN:15,(anonymous_1)
FN:24,(anonymous_2)
FNF:3
FNH:3
FNDA:12,FilterTabs
FNDA:30,(anonymous_1)
FNDA:3,(anonymous_2)
DA:3,2
DA:4,2
DA:5,2
DA:8,2
DA:10,2
DA:11,12
DA:13,10
DA:16,30
DA:17,30
DA:24,3
LF:10
LH:10
BRDA:29,0,0,10
BRDA:29,0,1,20
BRDA:35,1,0,30
BRDA:35,1,1,10
BRF:4
BRH:4
end_of_record
TN:
SF:src\components\molecules\TaskInput.tsx
FN:10,TaskInput
FN:15,(anonymous_1)
FNF:2
FNH:2
FNDA:48,TaskInput
FNDA:5,(anonymous_1)
DA:3,2
DA:4,2
DA:5,2
DA:6,2
DA:7,2
DA:8,2
DA:10,2
DA:11,48
DA:12,48
DA:13,48
DA:15,48
DA:16,5
DA:17,5
DA:19,4
DA:20,4
DA:21,4
DA:22,4
DA:25,48
LF:18
LH:18
BRDA:17,0,0,1
BRDA:17,0,1,4
BRDA:22,1,0,0
BRDA:22,1,1,4
BRDA:22,2,0,4
BRDA:22,2,1,4
BRF:6
BRH:5
end_of_record
TN:
SF:src\components\molecules\TaskItem.tsx
FN:22,TaskItem
FN:28,(anonymous_1)
FN:32,(anonymous_2)
FN:36,(anonymous_3)
FN:42,(anonymous_4)
FN:57,(anonymous_5)
FN:63,(anonymous_6)
FN:75,(anonymous_7)
FN:128,(anonymous_8)
FNF:9
FNH:9
FNDA:42,TaskItem
FNDA:1,(anonymous_1)
FNDA:1,(anonymous_2)
FNDA:6,(anonymous_3)
FNDA:3,(anonymous_4)
FNDA:1,(anonymous_5)
FNDA:14,(anonymous_6)
FNDA:29,(anonymous_7)
FNDA:13,(anonymous_8)
DA:3,3
DA:4,3
DA:5,3
DA:6,3
DA:7,3
DA:8,3
DA:9,3
DA:14,3
DA:22,3
DA:23,42
DA:24,42
DA:25,42
DA:26,42
DA:28,42
DA:29,1
DA:32,42
DA:33,1
DA:36,42
DA:37,6
DA:38,5
DA:39,5
DA:42,42
DA:43,3
DA:44,3
DA:46,1
DA:47,1
DA:48,1
DA:50,2
DA:51,2
DA:52,1
DA:54,2
DA:57,42
DA:58,1
DA:59,1
DA:62,42
DA:64,14
DA:65,3
DA:66,3
DA:67,11
DA:68,1
DA:69,1
DA:75,42
DA:76,29
DA:77,5
DA:78,5
DA:82,42
DA:128,13
LF:47
LH:47
BRDA:22,0,0,2
BRDA:37,1,0,1
BRDA:37,1,1,5
BRDA:44,2,0,1
BRDA:44,2,1,2
BRDA:51,3,0,1
BRDA:51,3,1,1
BRDA:64,4,0,3
BRDA:64,4,1,11
BRDA:64,5,0,14
BRDA:64,5,1,3
BRDA:67,6,0,1
BRDA:67,6,1,10
BRDA:76,7,0,5
BRDA:76,7,1,24
BRDA:76,8,0,29
BRDA:76,8,1,5
BRDA:102,9,0,42
BRDA:102,9,1,3
BRDA:119,10,0,4
BRDA:119,10,1,38
BRDA:123,11,0,18
BRDA:123,11,1,24
BRDA:145,12,0,20
BRDA:145,12,1,4
BRDA:146,13,0,4
BRDA:146,13,1,20
BRDA:151,14,0,4
BRDA:151,14,1,20
BRDA:157,15,0,42
BRDA:157,15,1,24
BRDA:161,16,0,4
BRDA:161,16,1,20
BRF:33
BRH:33
end_of_record
TN:
SF:src\components\molecules\ThemeToggle.tsx
FN:8,ThemeToggle
FNF:1
FNH:1
FNDA:10,ThemeToggle
DA:3,3
DA:4,3
DA:5,3
DA:6,3
DA:8,3
DA:9,10
DA:11,10
LF:7
LH:7
BRDA:15,0,0,8
BRDA:15,0,1,2
BRDA:26,1,0,8
BRDA:26,1,1,2
BRF:4
BRH:4
end_of_record
TN:
SF:src\components\organisms\Footer.tsx
FN:7,Footer
FN:13,(anonymous_1)
FNF:2
FNH:2
FNDA:9,Footer
FNDA:1,(anonymous_1)
DA:3,2
DA:4,2
DA:5,2
DA:7,2
DA:8,9
DA:11,9
DA:13,6
DA:14,1
DA:17,6
LF:9
LH:9
BRDA:11,0,0,3
BRDA:11,0,1,6
BRDA:23,1,0,6
BRDA:23,1,1,5
BRF:4
BRH:4
end_of_record
TN:
SF:src\components\organisms\Header.tsx
FN:5,Header
FNF:1
FNH:1
FNDA:5,Header
DA:3,2
DA:5,2
DA:6,5
LF:3
LH:3
BRF:0
BRH:0
end_of_record
TN:
SF:src\components\organisms\TaskList.tsx
FN:12,TaskList
FN:16,(anonymous_1)
FN:49,(anonymous_2)
FN:72,(anonymous_3)
FNF:4
FNH:3
FNDA:9,TaskList
FNDA:0,(anonymous_1)
FNDA:2,(anonymous_2)
FNDA:2,(anonymous_3)
DA:3,2
DA:4,2
DA:5,2
DA:6,2
DA:7,2
DA:8,2
DA:9,2
DA:12,2
DA:13,9
DA:15,9
DA:17,0
DA:22,9
DA:23,6
DA:35,3
DA:37,3
DA:38,1
DA:50,2
DA:64,2
DA:73,2
LF:19
LH:18
BRDA:22,0,0,6
BRDA:22,0,1,3
BRDA:37,1,0,1
BRDA:37,1,1,2
BRF:4
BRH:4
end_of_record
TN:
SF:src\components\templates\TodoApp.tsx
FN:9,TodoApp
FNF:1
FNH:1
FNDA:3,TodoApp
DA:3,1
DA:4,1
DA:5,1
DA:6,1
DA:7,1
DA:9,1
DA:10,3
LF:7
LH:7
BRF:0
BRH:0
end_of_record
TN:
SF:src\hooks\useTasks.ts
FN:6,useTasks
FNF:1
FNH:1
FNDA:125,useTasks
DA:3,7
DA:4,7
DA:6,7
DA:7,125
DA:8,123
DA:9,4
DA:11,119
LF:7
LH:7
BRDA:8,0,0,4
BRDA:8,0,1,119
BRF:2
BRH:2
end_of_record
TN:
SF:src\hooks\useTheme.ts
FN:6,useTheme
FNF:1
FNH:1
FNDA:15,useTheme
DA:3,4
DA:4,4
DA:6,4
DA:7,15
DA:8,15
DA:9,4
DA:11,11
LF:7
LH:7
BRDA:8,0,0,4
BRDA:8,0,1,11
BRF:2
BRH:2
end_of_record
TN:
SF:src\lib\constants.ts
FNF:0
FNH:0
DA:2,12
DA:5,12
DA:8,12
DA:11,12
DA:14,12
DA:21,12
LF:6
LH:6
BRF:0
BRH:0
end_of_record
TN:
SF:src\lib\storage.ts
FN:5,isStorageAvailable
FN:17,isValidTask
FN:30,saveTasks
FN:41,loadTasks
FN:55,saveTheme
FN:65,loadTheme
FNF:6
FNH:6
FNDA:18,isStorageAvailable
FNDA:7,isValidTask
FNDA:4,saveTasks
FNDA:8,loadTasks
FNDA:2,saveTheme
FNDA:4,loadTheme
DA:2,11
DA:6,18
DA:7,18
DA:8,18
DA:9,16
DA:10,16
DA:12,2
DA:18,7
DA:19,6
DA:20,6
DA:30,11
DA:31,4
DA:32,3
DA:33,3
DA:34,3
DA:36,0
DA:41,11
DA:42,8
DA:43,7
DA:44,7
DA:45,7
DA:46,6
DA:47,5
DA:48,4
DA:50,1
DA:55,11
DA:56,2
DA:57,2
DA:58,2
DA:65,11
DA:66,4
DA:67,4
DA:68,4
DA:69,2
LF:34
LH:33
BRDA:18,0,0,1
BRDA:18,0,1,6
BRDA:18,1,0,7
BRDA:18,1,1,7
BRDA:21,2,0,6
BRDA:21,2,1,6
BRDA:21,2,2,4
BRDA:21,2,3,4
BRDA:21,2,4,4
BRDA:31,3,0,1
BRDA:31,3,1,3
BRDA:42,4,0,1
BRDA:42,4,1,7
BRDA:45,5,0,1
BRDA:45,5,1,6
BRDA:47,6,0,1
BRDA:47,6,1,4
BRDA:56,7,0,0
BRDA:56,7,1,2
BRDA:66,8,0,0
BRDA:66,8,1,4
BRDA:68,9,0,2
BRDA:68,9,1,2
BRDA:68,10,0,4
BRDA:68,10,1,3
BRF:25
BRH:23
end_of_record
TN:
SF:src\reducers\taskReducer.ts
FN:4,taskReducer
FN:24,(anonymous_1)
FN:34,(anonymous_2)
FN:40,(anonymous_3)
FN:50,(anonymous_4)
FN:56,(anonymous_5)
FNF:6
FNH:6
FNDA:23,taskReducer
FNDA:12,(anonymous_1)
FNDA:6,(anonymous_2)
FNDA:6,(anonymous_3)
FNDA:3,(anonymous_4)
FNDA:8,(anonymous_5)
DA:2,8
DA:4,8
DA:5,23
DA:8,4
DA:9,0
DA:11,4
DA:18,4
DA:22,4
DA:25,12
DA:32,2
DA:34,6
DA:38,2
DA:41,6
DA:48,1
DA:50,3
DA:54,3
DA:56,8
DA:60,4
DA:66,2
DA:72,1
LF:20
LH:19
BRDA:5,0,0,4
BRDA:5,0,1,4
BRDA:5,0,2,2
BRDA:5,0,3,2
BRDA:5,0,4,1
BRDA:5,0,5,3
BRDA:5,0,6,4
BRDA:5,0,7,2
BRDA:5,0,8,1
BRDA:8,1,0,0
BRDA:8,1,1,4
BRDA:25,2,0,3
BRDA:25,2,1,9
BRDA:41,3,0,2
BRDA:41,3,1,4
BRF:15
BRH:14
end_of_record
